<?xml version="1.0" encoding="UTF-8"?>
<!-- Generated by org.testng.reporters.JUnitXMLReporter -->
<testsuite hostname="WSO2s-MacBook-Pro-7.local" ignored="0" name="Surefire test" tests="14" failures="0" timestamp="06 Dec 2018 09:59:37 GMT" time="1.566" errors="0">
  <testcase name="testCanHandle" time="0.012" classname="org.wso2.carbon.identity.casque.authenticator.authenticator.CasqueAuthenticatorTest"/>
  <testcase name="testGetCasqueTokenId" time="0.109" classname="org.wso2.carbon.identity.casque.authenticator.authenticator.CasqueAuthenticatorTest"/>
  <testcase name="testGetCasqueTokenIdforTokenNull" time="0.006" classname="org.wso2.carbon.identity.casque.authenticator.authenticator.CasqueAuthenticatorTest"/>
  <testcase name="testGetCasqueTokenIdforToknIdBadFormat" time="0.006" classname="org.wso2.carbon.identity.casque.authenticator.authenticator.CasqueAuthenticatorTest"/>
  <testcase name="testGetCasqueTokenIdforToknIdForUnableToGetTokenId" time="0.007" classname="org.wso2.carbon.identity.casque.authenticator.authenticator.CasqueAuthenticatorTest"/>
  <testcase name="testGetFriendlyName" time="0.001" classname="org.wso2.carbon.identity.casque.authenticator.authenticator.CasqueAuthenticatorTest"/>
  <testcase name="testGetName" time="0.001" classname="org.wso2.carbon.identity.casque.authenticator.authenticator.CasqueAuthenticatorTest"/>
  <testcase name="testProcessLogoutRequest" time="0.007" classname="org.wso2.carbon.identity.casque.authenticator.authenticator.CasqueAuthenticatorTest"/>
  <testcase name="testProcessRadiusState" time="0.01" classname="org.wso2.carbon.identity.casque.authenticator.authenticator.CasqueAuthenticatorTest"/>
  <testcase name="testProcessRadiusState2" time="0.008" classname="org.wso2.carbon.identity.casque.authenticator.authenticator.CasqueAuthenticatorTest"/>
  <testcase name="testProcessRadiusState3" time="0.004" classname="org.wso2.carbon.identity.casque.authenticator.authenticator.CasqueAuthenticatorTest"/>
  <testcase name="testProcessRadiusState5" time="0.016" classname="org.wso2.carbon.identity.casque.authenticator.authenticator.CasqueAuthenticatorTest"/>
  <testcase name="testProcessRadiusStateLoginFail" time="0.002" classname="org.wso2.carbon.identity.casque.authenticator.authenticator.CasqueAuthenticatorTest"/>
  <testcase name="testRetryAuthenticationEnabled" time="0.0" classname="org.wso2.carbon.identity.casque.authenticator.authenticator.CasqueAuthenticatorTest"/>
</testsuite> <!-- Surefire test -->
