<?xml version="1.0" encoding="UTF-8"?>
<!-- Generated by org.testng.reporters.JUnitReportReporter -->
<testsuite skipped="0" hostname="WSO2s-MacBook-Pro-7.local" name="org.wso2.carbon.identity.casque.authenticator.authenticator.AuthPagesTest" tests="1" failures="0" timestamp="26 Nov 2018 04:39:03 GMT" time="0.000" errors="0">
  <testcase name="testChallengePage" time="0.000" classname="org.wso2.carbon.identity.casque.authenticator.authenticator.AuthPagesTest"/>
</testsuite> <!-- org.wso2.carbon.identity.casque.authenticator.authenticator.AuthPagesTest -->
