<?xml version="1.0" encoding="UTF-8"?>
<testng-results skipped="0" failed="0" ignored="0" total="16" passed="16">
  <reporter-output>
  </reporter-output>
  <suite name="Surefire suite" duration-ms="1517" started-at="2018-11-26T04:39:02Z" finished-at="2018-11-26T04:39:03Z">
    <groups>
    </groups>
    <test name="Surefire test" duration-ms="1517" started-at="2018-11-26T04:39:02Z" finished-at="2018-11-26T04:39:03Z">
      <class name="org.wso2.carbon.identity.casque.authenticator.authenticator.AuthPagesTest">
        <test-method status="PASS" signature="testChallengePage()[pri:0, instance:org.wso2.carbon.identity.casque.authenticator.authenticator.AuthPagesTest@5368e981]" name="testChallengePage" duration-ms="0" started-at="2018-11-26T10:09:03Z" finished-at="2018-11-26T10:09:03Z">
          <reporter-output>
          </reporter-output>
        </test-method> <!-- testChallengePage -->
      </class> <!-- org.wso2.carbon.identity.casque.authenticator.authenticator.AuthPagesTest -->
      <class name="org.wso2.carbon.identity.casque.authenticator.authenticator.CasqueAuthenticatorTest">
        <test-method status="PASS" signature="setUp()[pri:0, instance:org.wso2.carbon.identity.casque.authenticator.authenticator.CasqueAuthenticatorTest_$$_jvst874_0@9e50283]" name="setUp" is-config="true" duration-ms="899" started-at="2018-11-26T10:09:02Z" finished-at="2018-11-26T10:09:03Z">
          <reporter-output>
          </reporter-output>
        </test-method> <!-- setUp -->
        <test-method status="PASS" signature="testCanHandle()[pri:0, instance:org.wso2.carbon.identity.casque.authenticator.authenticator.CasqueAuthenticatorTest_$$_jvst874_0@9e50283]" name="testCanHandle" duration-ms="14" started-at="2018-11-26T10:09:03Z" description="Test case for canHandle() method." finished-at="2018-11-26T10:09:03Z">
          <reporter-output>
          </reporter-output>
        </test-method> <!-- testCanHandle -->
        <test-method status="PASS" signature="setUp()[pri:0, instance:org.wso2.carbon.identity.casque.authenticator.authenticator.CasqueAuthenticatorTest_$$_jvst874_0@9e50283]" name="setUp" is-config="true" duration-ms="41" started-at="2018-11-26T10:09:03Z" finished-at="2018-11-26T10:09:03Z">
          <reporter-output>
          </reporter-output>
        </test-method> <!-- setUp -->
        <test-method status="PASS" signature="testGetCasqueTokenId()[pri:0, instance:org.wso2.carbon.identity.casque.authenticator.authenticator.CasqueAuthenticatorTest_$$_jvst874_0@9e50283]" name="testGetCasqueTokenId" duration-ms="112" started-at="2018-11-26T10:09:03Z" description="Test case for testGetCasqueTokenId() method." finished-at="2018-11-26T10:09:03Z">
          <reporter-output>
          </reporter-output>
        </test-method> <!-- testGetCasqueTokenId -->
        <test-method status="PASS" signature="setUp()[pri:0, instance:org.wso2.carbon.identity.casque.authenticator.authenticator.CasqueAuthenticatorTest_$$_jvst874_0@9e50283]" name="setUp" is-config="true" duration-ms="23" started-at="2018-11-26T10:09:03Z" finished-at="2018-11-26T10:09:03Z">
          <reporter-output>
          </reporter-output>
        </test-method> <!-- setUp -->
        <test-method status="PASS" signature="testGetCasqueTokenIdforTokenNull()[pri:0, instance:org.wso2.carbon.identity.casque.authenticator.authenticator.CasqueAuthenticatorTest_$$_jvst874_0@9e50283]" name="testGetCasqueTokenIdforTokenNull" duration-ms="5" started-at="2018-11-26T10:09:03Z" finished-at="2018-11-26T10:09:03Z">
          <exception class="org.wso2.carbon.identity.casque.authenticator.exception.CasqueException">
            <message>
              <![CDATA[User: , Token ID is null]]>
            </message>
            <full-stacktrace>
              <![CDATA[org.wso2.carbon.identity.casque.authenticator.exception.CasqueException: User: , Token ID is nullat org.wso2.carbon.identity.casque.authenticator.authenticator.CasqueAuthenticator.getCasqueTokenId(CasqueAuthenticator.java:63)at sun.reflect.NativeMethodAccessorImpl.invoke0(Native Method)at sun.reflect.NativeMethodAccessorImpl.invoke(NativeMethodAccessorImpl.java:62)at sun.reflect.DelegatingMethodAccessorImpl.invoke(DelegatingMethodAccessorImpl.java:43)at java.lang.reflect.Method.invoke(Method.java:498)at org.powermock.reflect.internal.WhiteboxImpl.performMethodInvocation(WhiteboxImpl.java:1899)at org.powermock.reflect.internal.WhiteboxImpl.doInvokeMethod(WhiteboxImpl.java:801)at org.powermock.reflect.internal.WhiteboxImpl.invokeMethod(WhiteboxImpl.java:666)at org.powermock.reflect.Whitebox.invokeMethod(Whitebox.java:401)at org.wso2.carbon.identity.casque.authenticator.authenticator.CasqueAuthenticatorTest.testGetCasqueTokenIdforTokenNull(CasqueAuthenticatorTest.java:162)at org.wso2.carbon.identity.casque.authenticator.authenticator.CasqueAuthenticatorTest_$$_jvst874_0._d11testGetCasqueTokenIdforTokenNull(CasqueAuthenticatorTest_$$_jvst874_0.java)at sun.reflect.NativeMethodAccessorImpl.invoke0(Native Method)at sun.reflect.NativeMethodAccessorImpl.invoke(NativeMethodAccessorImpl.java:62)at sun.reflect.DelegatingMethodAccessorImpl.invoke(DelegatingMethodAccessorImpl.java:43)at java.lang.reflect.Method.invoke(Method.java:498)at org.powermock.modules.testng.internal.PowerMockTestNGMethodHandler.invoke(PowerMockTestNGMethodHandler.java:50)at org.wso2.carbon.identity.casque.authenticator.authenticator.CasqueAuthenticatorTest_$$_jvst874_0.testGetCasqueTokenIdforTokenNull(CasqueAuthenticatorTest_$$_jvst874_0.java)at sun.reflect.NativeMethodAccessorImpl.invoke0(Native Method)at sun.reflect.NativeMethodAccessorImpl.invoke(NativeMethodAccessorImpl.java:62)at sun.reflect.DelegatingMethodAccessorImpl.invoke(DelegatingMethodAccessorImpl.java:43)at java.lang.reflect.Method.invoke(Method.java:498)at org.testng.internal.MethodInvocationHelper.invokeMethod(MethodInvocationHelper.java:124)at org.testng.internal.Invoker.invokeMethod(Invoker.java:571)at org.testng.internal.Invoker.invokeTestMethod(Invoker.java:707)at org.testng.internal.Invoker.invokeTestMethods(Invoker.java:979)at org.testng.internal.TestMethodWorker.invokeTestMethods(TestMethodWorker.java:125)at org.testng.internal.TestMethodWorker.run(TestMethodWorker.java:109)at org.testng.TestRunner.privateRun(TestRunner.java:648)at org.testng.TestRunner.run(TestRunner.java:505)at org.testng.SuiteRunner.runTest(SuiteRunner.java:455)at org.testng.SuiteRunner.runSequentially(SuiteRunner.java:450)at org.testng.SuiteRunner.privateRun(SuiteRunner.java:415)at org.testng.SuiteRunner.run(SuiteRunner.java:364)at org.testng.SuiteRunnerWorker.runSuite(SuiteRunnerWorker.java:52)at org.testng.SuiteRunnerWorker.run(SuiteRunnerWorker.java:84)at org.testng.TestNG.runSuitesSequentially(TestNG.java:1187)at org.testng.TestNG.runSuitesLocally(TestNG.java:1116)at org.testng.TestNG.runSuites(TestNG.java:1028)at org.testng.TestNG.run(TestNG.java:996)at org.apache.maven.surefire.testng.TestNGExecutor.run(TestNGExecutor.java:115)at org.apache.maven.surefire.testng.TestNGDirectoryTestSuite.executeMulti(TestNGDirectoryTestSuite.java:205)at org.apache.maven.surefire.testng.TestNGDirectoryTestSuite.execute(TestNGDirectoryTestSuite.java:108)at org.apache.maven.surefire.testng.TestNGProvider.invoke(TestNGProvider.java:111)at org.apache.maven.surefire.booter.ForkedBooter.invokeProviderInSameClassLoader(ForkedBooter.java:203)at org.apache.maven.surefire.booter.ForkedBooter.runSuitesInProcess(ForkedBooter.java:155)at org.apache.maven.surefire.booter.ForkedBooter.main(ForkedBooter.java:103)]]>
            </full-stacktrace>
          </exception> <!-- org.wso2.carbon.identity.casque.authenticator.exception.CasqueException -->
          <reporter-output>
          </reporter-output>
        </test-method> <!-- testGetCasqueTokenIdforTokenNull -->
        <test-method status="PASS" signature="setUp()[pri:0, instance:org.wso2.carbon.identity.casque.authenticator.authenticator.CasqueAuthenticatorTest_$$_jvst874_0@9e50283]" name="setUp" is-config="true" duration-ms="26" started-at="2018-11-26T10:09:03Z" finished-at="2018-11-26T10:09:03Z">
          <reporter-output>
          </reporter-output>
        </test-method> <!-- setUp -->
        <test-method status="PASS" signature="testGetCasqueTokenIdforToknIdBadFormat()[pri:0, instance:org.wso2.carbon.identity.casque.authenticator.authenticator.CasqueAuthenticatorTest_$$_jvst874_0@9e50283]" name="testGetCasqueTokenIdforToknIdBadFormat" duration-ms="6" started-at="2018-11-26T10:09:03Z" finished-at="2018-11-26T10:09:03Z">
          <exception class="org.wso2.carbon.identity.casque.authenticator.exception.CasqueException">
            <message>
              <![CDATA[User: , Token ID bad format: wso2]]>
            </message>
            <full-stacktrace>
              <![CDATA[org.wso2.carbon.identity.casque.authenticator.exception.CasqueException: User: , Token ID bad format: wso2at org.wso2.carbon.identity.casque.authenticator.authenticator.CasqueAuthenticator.getCasqueTokenId(CasqueAuthenticator.java:68)at sun.reflect.NativeMethodAccessorImpl.invoke0(Native Method)at sun.reflect.NativeMethodAccessorImpl.invoke(NativeMethodAccessorImpl.java:62)at sun.reflect.DelegatingMethodAccessorImpl.invoke(DelegatingMethodAccessorImpl.java:43)at java.lang.reflect.Method.invoke(Method.java:498)at org.powermock.reflect.internal.WhiteboxImpl.performMethodInvocation(WhiteboxImpl.java:1899)at org.powermock.reflect.internal.WhiteboxImpl.doInvokeMethod(WhiteboxImpl.java:801)at org.powermock.reflect.internal.WhiteboxImpl.invokeMethod(WhiteboxImpl.java:666)at org.powermock.reflect.Whitebox.invokeMethod(Whitebox.java:401)at org.wso2.carbon.identity.casque.authenticator.authenticator.CasqueAuthenticatorTest.testGetCasqueTokenIdforToknIdBadFormat(CasqueAuthenticatorTest.java:176)at org.wso2.carbon.identity.casque.authenticator.authenticator.CasqueAuthenticatorTest_$$_jvst874_0._d12testGetCasqueTokenIdforToknIdBadFormat(CasqueAuthenticatorTest_$$_jvst874_0.java)at sun.reflect.NativeMethodAccessorImpl.invoke0(Native Method)at sun.reflect.NativeMethodAccessorImpl.invoke(NativeMethodAccessorImpl.java:62)at sun.reflect.DelegatingMethodAccessorImpl.invoke(DelegatingMethodAccessorImpl.java:43)at java.lang.reflect.Method.invoke(Method.java:498)at org.powermock.modules.testng.internal.PowerMockTestNGMethodHandler.invoke(PowerMockTestNGMethodHandler.java:50)at org.wso2.carbon.identity.casque.authenticator.authenticator.CasqueAuthenticatorTest_$$_jvst874_0.testGetCasqueTokenIdforToknIdBadFormat(CasqueAuthenticatorTest_$$_jvst874_0.java)at sun.reflect.NativeMethodAccessorImpl.invoke0(Native Method)at sun.reflect.NativeMethodAccessorImpl.invoke(NativeMethodAccessorImpl.java:62)at sun.reflect.DelegatingMethodAccessorImpl.invoke(DelegatingMethodAccessorImpl.java:43)at java.lang.reflect.Method.invoke(Method.java:498)at org.testng.internal.MethodInvocationHelper.invokeMethod(MethodInvocationHelper.java:124)at org.testng.internal.Invoker.invokeMethod(Invoker.java:571)at org.testng.internal.Invoker.invokeTestMethod(Invoker.java:707)at org.testng.internal.Invoker.invokeTestMethods(Invoker.java:979)at org.testng.internal.TestMethodWorker.invokeTestMethods(TestMethodWorker.java:125)at org.testng.internal.TestMethodWorker.run(TestMethodWorker.java:109)at org.testng.TestRunner.privateRun(TestRunner.java:648)at org.testng.TestRunner.run(TestRunner.java:505)at org.testng.SuiteRunner.runTest(SuiteRunner.java:455)at org.testng.SuiteRunner.runSequentially(SuiteRunner.java:450)at org.testng.SuiteRunner.privateRun(SuiteRunner.java:415)at org.testng.SuiteRunner.run(SuiteRunner.java:364)at org.testng.SuiteRunnerWorker.runSuite(SuiteRunnerWorker.java:52)at org.testng.SuiteRunnerWorker.run(SuiteRunnerWorker.java:84)at org.testng.TestNG.runSuitesSequentially(TestNG.java:1187)at org.testng.TestNG.runSuitesLocally(TestNG.java:1116)at org.testng.TestNG.runSuites(TestNG.java:1028)at org.testng.TestNG.run(TestNG.java:996)at org.apache.maven.surefire.testng.TestNGExecutor.run(TestNGExecutor.java:115)at org.apache.maven.surefire.testng.TestNGDirectoryTestSuite.executeMulti(TestNGDirectoryTestSuite.java:205)at org.apache.maven.surefire.testng.TestNGDirectoryTestSuite.execute(TestNGDirectoryTestSuite.java:108)at org.apache.maven.surefire.testng.TestNGProvider.invoke(TestNGProvider.java:111)at org.apache.maven.surefire.booter.ForkedBooter.invokeProviderInSameClassLoader(ForkedBooter.java:203)at org.apache.maven.surefire.booter.ForkedBooter.runSuitesInProcess(ForkedBooter.java:155)at org.apache.maven.surefire.booter.ForkedBooter.main(ForkedBooter.java:103)]]>
            </full-stacktrace>
          </exception> <!-- org.wso2.carbon.identity.casque.authenticator.exception.CasqueException -->
          <reporter-output>
          </reporter-output>
        </test-method> <!-- testGetCasqueTokenIdforToknIdBadFormat -->
        <test-method status="PASS" signature="setUp()[pri:0, instance:org.wso2.carbon.identity.casque.authenticator.authenticator.CasqueAuthenticatorTest_$$_jvst874_0@9e50283]" name="setUp" is-config="true" duration-ms="25" started-at="2018-11-26T10:09:03Z" finished-at="2018-11-26T10:09:03Z">
          <reporter-output>
          </reporter-output>
        </test-method> <!-- setUp -->
        <test-method status="PASS" signature="testGetCasqueTokenIdforToknIdForUnableToGetTokenId()[pri:0, instance:org.wso2.carbon.identity.casque.authenticator.authenticator.CasqueAuthenticatorTest_$$_jvst874_0@9e50283]" name="testGetCasqueTokenIdforToknIdForUnableToGetTokenId" duration-ms="6" started-at="2018-11-26T10:09:03Z" finished-at="2018-11-26T10:09:03Z">
          <exception class="org.wso2.carbon.identity.casque.authenticator.exception.CasqueException">
            <message>
              <![CDATA[User: , Token ID is null]]>
            </message>
            <full-stacktrace>
              <![CDATA[org.wso2.carbon.identity.casque.authenticator.exception.CasqueException: User: , Token ID is nullat org.wso2.carbon.identity.casque.authenticator.authenticator.CasqueAuthenticator.getCasqueTokenId(CasqueAuthenticator.java:63)at sun.reflect.NativeMethodAccessorImpl.invoke0(Native Method)at sun.reflect.NativeMethodAccessorImpl.invoke(NativeMethodAccessorImpl.java:62)at sun.reflect.DelegatingMethodAccessorImpl.invoke(DelegatingMethodAccessorImpl.java:43)at java.lang.reflect.Method.invoke(Method.java:498)at org.powermock.reflect.internal.WhiteboxImpl.performMethodInvocation(WhiteboxImpl.java:1899)at org.powermock.reflect.internal.WhiteboxImpl.doInvokeMethod(WhiteboxImpl.java:801)at org.powermock.reflect.internal.WhiteboxImpl.invokeMethod(WhiteboxImpl.java:666)at org.powermock.reflect.Whitebox.invokeMethod(Whitebox.java:401)at org.wso2.carbon.identity.casque.authenticator.authenticator.CasqueAuthenticatorTest.testGetCasqueTokenIdforToknIdForUnableToGetTokenId(CasqueAuthenticatorTest.java:189)at org.wso2.carbon.identity.casque.authenticator.authenticator.CasqueAuthenticatorTest_$$_jvst874_0._d13testGetCasqueTokenIdforToknIdForUnableToGetTokenId(CasqueAuthenticatorTest_$$_jvst874_0.java)at sun.reflect.NativeMethodAccessorImpl.invoke0(Native Method)at sun.reflect.NativeMethodAccessorImpl.invoke(NativeMethodAccessorImpl.java:62)at sun.reflect.DelegatingMethodAccessorImpl.invoke(DelegatingMethodAccessorImpl.java:43)at java.lang.reflect.Method.invoke(Method.java:498)at org.powermock.modules.testng.internal.PowerMockTestNGMethodHandler.invoke(PowerMockTestNGMethodHandler.java:50)at org.wso2.carbon.identity.casque.authenticator.authenticator.CasqueAuthenticatorTest_$$_jvst874_0.testGetCasqueTokenIdforToknIdForUnableToGetTokenId(CasqueAuthenticatorTest_$$_jvst874_0.java)at sun.reflect.NativeMethodAccessorImpl.invoke0(Native Method)at sun.reflect.NativeMethodAccessorImpl.invoke(NativeMethodAccessorImpl.java:62)at sun.reflect.DelegatingMethodAccessorImpl.invoke(DelegatingMethodAccessorImpl.java:43)at java.lang.reflect.Method.invoke(Method.java:498)at org.testng.internal.MethodInvocationHelper.invokeMethod(MethodInvocationHelper.java:124)at org.testng.internal.Invoker.invokeMethod(Invoker.java:571)at org.testng.internal.Invoker.invokeTestMethod(Invoker.java:707)at org.testng.internal.Invoker.invokeTestMethods(Invoker.java:979)at org.testng.internal.TestMethodWorker.invokeTestMethods(TestMethodWorker.java:125)at org.testng.internal.TestMethodWorker.run(TestMethodWorker.java:109)at org.testng.TestRunner.privateRun(TestRunner.java:648)at org.testng.TestRunner.run(TestRunner.java:505)at org.testng.SuiteRunner.runTest(SuiteRunner.java:455)at org.testng.SuiteRunner.runSequentially(SuiteRunner.java:450)at org.testng.SuiteRunner.privateRun(SuiteRunner.java:415)at org.testng.SuiteRunner.run(SuiteRunner.java:364)at org.testng.SuiteRunnerWorker.runSuite(SuiteRunnerWorker.java:52)at org.testng.SuiteRunnerWorker.run(SuiteRunnerWorker.java:84)at org.testng.TestNG.runSuitesSequentially(TestNG.java:1187)at org.testng.TestNG.runSuitesLocally(TestNG.java:1116)at org.testng.TestNG.runSuites(TestNG.java:1028)at org.testng.TestNG.run(TestNG.java:996)at org.apache.maven.surefire.testng.TestNGExecutor.run(TestNGExecutor.java:115)at org.apache.maven.surefire.testng.TestNGDirectoryTestSuite.executeMulti(TestNGDirectoryTestSuite.java:205)at org.apache.maven.surefire.testng.TestNGDirectoryTestSuite.execute(TestNGDirectoryTestSuite.java:108)at org.apache.maven.surefire.testng.TestNGProvider.invoke(TestNGProvider.java:111)at org.apache.maven.surefire.booter.ForkedBooter.invokeProviderInSameClassLoader(ForkedBooter.java:203)at org.apache.maven.surefire.booter.ForkedBooter.runSuitesInProcess(ForkedBooter.java:155)at org.apache.maven.surefire.booter.ForkedBooter.main(ForkedBooter.java:103)]]>
            </full-stacktrace>
          </exception> <!-- org.wso2.carbon.identity.casque.authenticator.exception.CasqueException -->
          <reporter-output>
          </reporter-output>
        </test-method> <!-- testGetCasqueTokenIdforToknIdForUnableToGetTokenId -->
        <test-method status="PASS" signature="setUp()[pri:0, instance:org.wso2.carbon.identity.casque.authenticator.authenticator.CasqueAuthenticatorTest_$$_jvst874_0@9e50283]" name="setUp" is-config="true" duration-ms="28" started-at="2018-11-26T10:09:03Z" finished-at="2018-11-26T10:09:03Z">
          <reporter-output>
          </reporter-output>
        </test-method> <!-- setUp -->
        <test-method status="PASS" signature="testGetContextIdentifier()[pri:0, instance:org.wso2.carbon.identity.casque.authenticator.authenticator.CasqueAuthenticatorTest_$$_jvst874_0@9e50283]" name="testGetContextIdentifier" duration-ms="1" started-at="2018-11-26T10:09:03Z" description="Test case for getContextIdentifier() method." finished-at="2018-11-26T10:09:03Z">
          <reporter-output>
          </reporter-output>
        </test-method> <!-- testGetContextIdentifier -->
        <test-method status="PASS" signature="setUp()[pri:0, instance:org.wso2.carbon.identity.casque.authenticator.authenticator.CasqueAuthenticatorTest_$$_jvst874_0@9e50283]" name="setUp" is-config="true" duration-ms="74" started-at="2018-11-26T10:09:03Z" finished-at="2018-11-26T10:09:03Z">
          <reporter-output>
          </reporter-output>
        </test-method> <!-- setUp -->
        <test-method status="PASS" signature="testGetFriendlyName()[pri:0, instance:org.wso2.carbon.identity.casque.authenticator.authenticator.CasqueAuthenticatorTest_$$_jvst874_0@9e50283]" name="testGetFriendlyName" duration-ms="1" started-at="2018-11-26T10:09:03Z" description="Test case for GetFriendlyName() method." finished-at="2018-11-26T10:09:03Z">
          <reporter-output>
          </reporter-output>
        </test-method> <!-- testGetFriendlyName -->
        <test-method status="PASS" signature="setUp()[pri:0, instance:org.wso2.carbon.identity.casque.authenticator.authenticator.CasqueAuthenticatorTest_$$_jvst874_0@9e50283]" name="setUp" is-config="true" duration-ms="21" started-at="2018-11-26T10:09:03Z" finished-at="2018-11-26T10:09:03Z">
          <reporter-output>
          </reporter-output>
        </test-method> <!-- setUp -->
        <test-method status="PASS" signature="testGetName()[pri:0, instance:org.wso2.carbon.identity.casque.authenticator.authenticator.CasqueAuthenticatorTest_$$_jvst874_0@9e50283]" name="testGetName" duration-ms="1" started-at="2018-11-26T10:09:03Z" description="Test case for GetName() method." finished-at="2018-11-26T10:09:03Z">
          <reporter-output>
          </reporter-output>
        </test-method> <!-- testGetName -->
        <test-method status="PASS" signature="setUp()[pri:0, instance:org.wso2.carbon.identity.casque.authenticator.authenticator.CasqueAuthenticatorTest_$$_jvst874_0@9e50283]" name="setUp" is-config="true" duration-ms="22" started-at="2018-11-26T10:09:03Z" finished-at="2018-11-26T10:09:03Z">
          <reporter-output>
          </reporter-output>
        </test-method> <!-- setUp -->
        <test-method status="PASS" signature="testProcessLogoutRequest()[pri:0, instance:org.wso2.carbon.identity.casque.authenticator.authenticator.CasqueAuthenticatorTest_$$_jvst874_0@9e50283]" name="testProcessLogoutRequest" duration-ms="5" started-at="2018-11-26T10:09:03Z" description="Test case for successful logout request." finished-at="2018-11-26T10:09:03Z">
          <reporter-output>
          </reporter-output>
        </test-method> <!-- testProcessLogoutRequest -->
        <test-method status="PASS" signature="setUp()[pri:0, instance:org.wso2.carbon.identity.casque.authenticator.authenticator.CasqueAuthenticatorTest_$$_jvst874_0@9e50283]" name="setUp" is-config="true" duration-ms="27" started-at="2018-11-26T10:09:03Z" finished-at="2018-11-26T10:09:03Z">
          <reporter-output>
          </reporter-output>
        </test-method> <!-- setUp -->
        <test-method status="PASS" signature="testProcessRadiusState()[pri:0, instance:org.wso2.carbon.identity.casque.authenticator.authenticator.CasqueAuthenticatorTest_$$_jvst874_0@9e50283]" name="testProcessRadiusState" duration-ms="9" started-at="2018-11-26T10:09:03Z" description="Test case for process() method for Another challenge." finished-at="2018-11-26T10:09:03Z">
          <reporter-output>
          </reporter-output>
        </test-method> <!-- testProcessRadiusState -->
        <test-method status="PASS" signature="setUp()[pri:0, instance:org.wso2.carbon.identity.casque.authenticator.authenticator.CasqueAuthenticatorTest_$$_jvst874_0@9e50283]" name="setUp" is-config="true" duration-ms="34" started-at="2018-11-26T10:09:03Z" finished-at="2018-11-26T10:09:03Z">
          <reporter-output>
          </reporter-output>
        </test-method> <!-- setUp -->
        <test-method status="PASS" signature="testProcessRadiusState2()[pri:0, instance:org.wso2.carbon.identity.casque.authenticator.authenticator.CasqueAuthenticatorTest_$$_jvst874_0@9e50283]" name="testProcessRadiusState2" duration-ms="11" started-at="2018-11-26T10:09:03Z" description="Test case for process() method for Authentication Pass." finished-at="2018-11-26T10:09:03Z">
          <reporter-output>
          </reporter-output>
        </test-method> <!-- testProcessRadiusState2 -->
        <test-method status="PASS" signature="setUp()[pri:0, instance:org.wso2.carbon.identity.casque.authenticator.authenticator.CasqueAuthenticatorTest_$$_jvst874_0@9e50283]" name="setUp" is-config="true" duration-ms="20" started-at="2018-11-26T10:09:03Z" finished-at="2018-11-26T10:09:03Z">
          <reporter-output>
          </reporter-output>
        </test-method> <!-- setUp -->
        <test-method status="PASS" signature="testProcessRadiusState3()[pri:0, instance:org.wso2.carbon.identity.casque.authenticator.authenticator.CasqueAuthenticatorTest_$$_jvst874_0@9e50283]" name="testProcessRadiusState3" duration-ms="5" started-at="2018-11-26T10:09:03Z" description="Test case for process() method for  Authentication Failed." finished-at="2018-11-26T10:09:03Z">
          <reporter-output>
          </reporter-output>
        </test-method> <!-- testProcessRadiusState3 -->
        <test-method status="PASS" signature="setUp()[pri:0, instance:org.wso2.carbon.identity.casque.authenticator.authenticator.CasqueAuthenticatorTest_$$_jvst874_0@9e50283]" name="setUp" is-config="true" duration-ms="19" started-at="2018-11-26T10:09:03Z" finished-at="2018-11-26T10:09:03Z">
          <reporter-output>
          </reporter-output>
        </test-method> <!-- setUp -->
        <test-method status="PASS" signature="testProcessRadiusState5()[pri:0, instance:org.wso2.carbon.identity.casque.authenticator.authenticator.CasqueAuthenticatorTest_$$_jvst874_0@9e50283]" name="testProcessRadiusState5" duration-ms="6" started-at="2018-11-26T10:09:03Z" description="Test case for process() method for ForRadiusStateNull()" finished-at="2018-11-26T10:09:03Z">
          <reporter-output>
          </reporter-output>
        </test-method> <!-- testProcessRadiusState5 -->
        <test-method status="PASS" signature="setUp()[pri:0, instance:org.wso2.carbon.identity.casque.authenticator.authenticator.CasqueAuthenticatorTest_$$_jvst874_0@9e50283]" name="setUp" is-config="true" duration-ms="20" started-at="2018-11-26T10:09:03Z" finished-at="2018-11-26T10:09:03Z">
          <reporter-output>
          </reporter-output>
        </test-method> <!-- setUp -->
        <test-method status="PASS" signature="testProcessRadiusStateLoginFail()[pri:0, instance:org.wso2.carbon.identity.casque.authenticator.authenticator.CasqueAuthenticatorTest_$$_jvst874_0@9e50283]" name="testProcessRadiusStateLoginFail" duration-ms="1" started-at="2018-11-26T10:09:03Z" description="Test case for process() method for login fail" finished-at="2018-11-26T10:09:03Z">
          <reporter-output>
          </reporter-output>
        </test-method> <!-- testProcessRadiusStateLoginFail -->
        <test-method status="PASS" signature="setUp()[pri:0, instance:org.wso2.carbon.identity.casque.authenticator.authenticator.CasqueAuthenticatorTest_$$_jvst874_0@9e50283]" name="setUp" is-config="true" duration-ms="18" started-at="2018-11-26T10:09:03Z" finished-at="2018-11-26T10:09:03Z">
          <reporter-output>
          </reporter-output>
        </test-method> <!-- setUp -->
        <test-method status="PASS" signature="testRetryAuthenticationEnabled()[pri:0, instance:org.wso2.carbon.identity.casque.authenticator.authenticator.CasqueAuthenticatorTest_$$_jvst874_0@9e50283]" name="testRetryAuthenticationEnabled" duration-ms="1" started-at="2018-11-26T10:09:03Z" description="Test case for RetryAuthenticationEnabled() method." finished-at="2018-11-26T10:09:03Z">
          <reporter-output>
          </reporter-output>
        </test-method> <!-- testRetryAuthenticationEnabled -->
      </class> <!-- org.wso2.carbon.identity.casque.authenticator.authenticator.CasqueAuthenticatorTest -->
    </test> <!-- Surefire test -->
  </suite> <!-- Surefire suite -->
</testng-results>
