<?xml version="1.0" encoding="UTF-8"?>
<testng-results skipped="0" failed="0" ignored="0" total="14" passed="14">
  <reporter-output>
  </reporter-output>
  <suite name="Surefire suite" duration-ms="1566" started-at="2018-12-06T09:59:35Z" finished-at="2018-12-06T09:59:37Z">
    <groups>
    </groups>
    <test name="Surefire test" duration-ms="1566" started-at="2018-12-06T09:59:35Z" finished-at="2018-12-06T09:59:37Z">
      <class name="org.wso2.carbon.identity.casque.authenticator.authenticator.CasqueAuthenticatorTest">
        <test-method status="PASS" signature="setUp()[pri:0, instance:org.wso2.carbon.identity.casque.authenticator.authenticator.CasqueAuthenticatorTest_$$_jvstad2_0@61554b6b]" name="setUp" is-config="true" duration-ms="932" started-at="2018-12-06T15:29:35Z" finished-at="2018-12-06T15:29:36Z">
          <reporter-output>
          </reporter-output>
        </test-method> <!-- setUp -->
        <test-method status="PASS" signature="testCanHandle()[pri:0, instance:org.wso2.carbon.identity.casque.authenticator.authenticator.CasqueAuthenticatorTest_$$_jvstad2_0@61554b6b]" name="testCanHandle" duration-ms="12" started-at="2018-12-06T15:29:36Z" description="Test case for canHandle() method." finished-at="2018-12-06T15:29:36Z">
          <reporter-output>
          </reporter-output>
        </test-method> <!-- testCanHandle -->
        <test-method status="PASS" signature="setUp()[pri:0, instance:org.wso2.carbon.identity.casque.authenticator.authenticator.CasqueAuthenticatorTest_$$_jvstad2_0@61554b6b]" name="setUp" is-config="true" duration-ms="28" started-at="2018-12-06T15:29:36Z" finished-at="2018-12-06T15:29:36Z">
          <reporter-output>
          </reporter-output>
        </test-method> <!-- setUp -->
        <test-method status="PASS" signature="testGetCasqueTokenId()[pri:0, instance:org.wso2.carbon.identity.casque.authenticator.authenticator.CasqueAuthenticatorTest_$$_jvstad2_0@61554b6b]" name="testGetCasqueTokenId" duration-ms="109" started-at="2018-12-06T15:29:36Z" description="Test case for testGetCasqueTokenId() method." finished-at="2018-12-06T15:29:37Z">
          <reporter-output>
          </reporter-output>
        </test-method> <!-- testGetCasqueTokenId -->
        <test-method status="PASS" signature="setUp()[pri:0, instance:org.wso2.carbon.identity.casque.authenticator.authenticator.CasqueAuthenticatorTest_$$_jvstad2_0@61554b6b]" name="setUp" is-config="true" duration-ms="26" started-at="2018-12-06T15:29:37Z" finished-at="2018-12-06T15:29:37Z">
          <reporter-output>
          </reporter-output>
        </test-method> <!-- setUp -->
        <test-method status="PASS" signature="testGetCasqueTokenIdforTokenNull()[pri:0, instance:org.wso2.carbon.identity.casque.authenticator.authenticator.CasqueAuthenticatorTest_$$_jvstad2_0@61554b6b]" name="testGetCasqueTokenIdforTokenNull" duration-ms="6" started-at="2018-12-06T15:29:37Z" finished-at="2018-12-06T15:29:37Z">
          <exception class="org.wso2.carbon.identity.casque.authenticator.exception.CasqueException">
            <message>
              <![CDATA[ User: , Token ID bad format:  ]]>
            </message>
            <full-stacktrace>
              <![CDATA[org.wso2.carbon.identity.casque.authenticator.exception.CasqueException:  User: , Token ID bad format:  at org.wso2.carbon.identity.casque.authenticator.authenticator.CasqueAuthenticator.getCasqueTokenId(CasqueAuthenticator.java:75)at sun.reflect.NativeMethodAccessorImpl.invoke0(Native Method)at sun.reflect.NativeMethodAccessorImpl.invoke(NativeMethodAccessorImpl.java:62)at sun.reflect.DelegatingMethodAccessorImpl.invoke(DelegatingMethodAccessorImpl.java:43)at java.lang.reflect.Method.invoke(Method.java:498)at org.powermock.reflect.internal.WhiteboxImpl.performMethodInvocation(WhiteboxImpl.java:1899)at org.powermock.reflect.internal.WhiteboxImpl.doInvokeMethod(WhiteboxImpl.java:801)at org.powermock.reflect.internal.WhiteboxImpl.invokeMethod(WhiteboxImpl.java:666)at org.powermock.reflect.Whitebox.invokeMethod(Whitebox.java:401)at org.wso2.carbon.identity.casque.authenticator.authenticator.CasqueAuthenticatorTest.testGetCasqueTokenIdforTokenNull(CasqueAuthenticatorTest.java:168)at org.wso2.carbon.identity.casque.authenticator.authenticator.CasqueAuthenticatorTest_$$_jvstad2_0._d11testGetCasqueTokenIdforTokenNull(CasqueAuthenticatorTest_$$_jvstad2_0.java)at sun.reflect.NativeMethodAccessorImpl.invoke0(Native Method)at sun.reflect.NativeMethodAccessorImpl.invoke(NativeMethodAccessorImpl.java:62)at sun.reflect.DelegatingMethodAccessorImpl.invoke(DelegatingMethodAccessorImpl.java:43)at java.lang.reflect.Method.invoke(Method.java:498)at org.powermock.modules.testng.internal.PowerMockTestNGMethodHandler.invoke(PowerMockTestNGMethodHandler.java:50)at org.wso2.carbon.identity.casque.authenticator.authenticator.CasqueAuthenticatorTest_$$_jvstad2_0.testGetCasqueTokenIdforTokenNull(CasqueAuthenticatorTest_$$_jvstad2_0.java)at sun.reflect.NativeMethodAccessorImpl.invoke0(Native Method)at sun.reflect.NativeMethodAccessorImpl.invoke(NativeMethodAccessorImpl.java:62)at sun.reflect.DelegatingMethodAccessorImpl.invoke(DelegatingMethodAccessorImpl.java:43)at java.lang.reflect.Method.invoke(Method.java:498)at org.testng.internal.MethodInvocationHelper.invokeMethod(MethodInvocationHelper.java:124)at org.testng.internal.Invoker.invokeMethod(Invoker.java:571)at org.testng.internal.Invoker.invokeTestMethod(Invoker.java:707)at org.testng.internal.Invoker.invokeTestMethods(Invoker.java:979)at org.testng.internal.TestMethodWorker.invokeTestMethods(TestMethodWorker.java:125)at org.testng.internal.TestMethodWorker.run(TestMethodWorker.java:109)at org.testng.TestRunner.privateRun(TestRunner.java:648)at org.testng.TestRunner.run(TestRunner.java:505)at org.testng.SuiteRunner.runTest(SuiteRunner.java:455)at org.testng.SuiteRunner.runSequentially(SuiteRunner.java:450)at org.testng.SuiteRunner.privateRun(SuiteRunner.java:415)at org.testng.SuiteRunner.run(SuiteRunner.java:364)at org.testng.SuiteRunnerWorker.runSuite(SuiteRunnerWorker.java:52)at org.testng.SuiteRunnerWorker.run(SuiteRunnerWorker.java:84)at org.testng.TestNG.runSuitesSequentially(TestNG.java:1187)at org.testng.TestNG.runSuitesLocally(TestNG.java:1116)at org.testng.TestNG.runSuites(TestNG.java:1028)at org.testng.TestNG.run(TestNG.java:996)at org.apache.maven.surefire.testng.TestNGExecutor.run(TestNGExecutor.java:115)at org.apache.maven.surefire.testng.TestNGDirectoryTestSuite.executeSingleClass(TestNGDirectoryTestSuite.java:129)at org.apache.maven.surefire.testng.TestNGDirectoryTestSuite.execute(TestNGDirectoryTestSuite.java:113)at org.apache.maven.surefire.testng.TestNGProvider.invoke(TestNGProvider.java:111)at org.apache.maven.surefire.booter.ForkedBooter.invokeProviderInSameClassLoader(ForkedBooter.java:203)at org.apache.maven.surefire.booter.ForkedBooter.runSuitesInProcess(ForkedBooter.java:155)at org.apache.maven.surefire.booter.ForkedBooter.main(ForkedBooter.java:103)]]>
            </full-stacktrace>
          </exception> <!-- org.wso2.carbon.identity.casque.authenticator.exception.CasqueException -->
          <reporter-output>
          </reporter-output>
        </test-method> <!-- testGetCasqueTokenIdforTokenNull -->
        <test-method status="PASS" signature="setUp()[pri:0, instance:org.wso2.carbon.identity.casque.authenticator.authenticator.CasqueAuthenticatorTest_$$_jvstad2_0@61554b6b]" name="setUp" is-config="true" duration-ms="37" started-at="2018-12-06T15:29:37Z" finished-at="2018-12-06T15:29:37Z">
          <reporter-output>
          </reporter-output>
        </test-method> <!-- setUp -->
        <test-method status="PASS" signature="testGetCasqueTokenIdforToknIdBadFormat()[pri:0, instance:org.wso2.carbon.identity.casque.authenticator.authenticator.CasqueAuthenticatorTest_$$_jvstad2_0@61554b6b]" name="testGetCasqueTokenIdforToknIdBadFormat" duration-ms="6" started-at="2018-12-06T15:29:37Z" finished-at="2018-12-06T15:29:37Z">
          <exception class="org.wso2.carbon.identity.casque.authenticator.exception.CasqueException">
            <message>
              <![CDATA[ User: , Token ID bad format: FFF 0000001]]>
            </message>
            <full-stacktrace>
              <![CDATA[org.wso2.carbon.identity.casque.authenticator.exception.CasqueException:  User: , Token ID bad format: FFF 0000001at org.wso2.carbon.identity.casque.authenticator.authenticator.CasqueAuthenticator.getCasqueTokenId(CasqueAuthenticator.java:75)at sun.reflect.NativeMethodAccessorImpl.invoke0(Native Method)at sun.reflect.NativeMethodAccessorImpl.invoke(NativeMethodAccessorImpl.java:62)at sun.reflect.DelegatingMethodAccessorImpl.invoke(DelegatingMethodAccessorImpl.java:43)at java.lang.reflect.Method.invoke(Method.java:498)at org.powermock.reflect.internal.WhiteboxImpl.performMethodInvocation(WhiteboxImpl.java:1899)at org.powermock.reflect.internal.WhiteboxImpl.doInvokeMethod(WhiteboxImpl.java:801)at org.powermock.reflect.internal.WhiteboxImpl.invokeMethod(WhiteboxImpl.java:666)at org.powermock.reflect.Whitebox.invokeMethod(Whitebox.java:401)at org.wso2.carbon.identity.casque.authenticator.authenticator.CasqueAuthenticatorTest.testGetCasqueTokenIdforToknIdBadFormat(CasqueAuthenticatorTest.java:184)at org.wso2.carbon.identity.casque.authenticator.authenticator.CasqueAuthenticatorTest_$$_jvstad2_0._d12testGetCasqueTokenIdforToknIdBadFormat(CasqueAuthenticatorTest_$$_jvstad2_0.java)at sun.reflect.NativeMethodAccessorImpl.invoke0(Native Method)at sun.reflect.NativeMethodAccessorImpl.invoke(NativeMethodAccessorImpl.java:62)at sun.reflect.DelegatingMethodAccessorImpl.invoke(DelegatingMethodAccessorImpl.java:43)at java.lang.reflect.Method.invoke(Method.java:498)at org.powermock.modules.testng.internal.PowerMockTestNGMethodHandler.invoke(PowerMockTestNGMethodHandler.java:50)at org.wso2.carbon.identity.casque.authenticator.authenticator.CasqueAuthenticatorTest_$$_jvstad2_0.testGetCasqueTokenIdforToknIdBadFormat(CasqueAuthenticatorTest_$$_jvstad2_0.java)at sun.reflect.NativeMethodAccessorImpl.invoke0(Native Method)at sun.reflect.NativeMethodAccessorImpl.invoke(NativeMethodAccessorImpl.java:62)at sun.reflect.DelegatingMethodAccessorImpl.invoke(DelegatingMethodAccessorImpl.java:43)at java.lang.reflect.Method.invoke(Method.java:498)at org.testng.internal.MethodInvocationHelper.invokeMethod(MethodInvocationHelper.java:124)at org.testng.internal.Invoker.invokeMethod(Invoker.java:571)at org.testng.internal.Invoker.invokeTestMethod(Invoker.java:707)at org.testng.internal.Invoker.invokeTestMethods(Invoker.java:979)at org.testng.internal.TestMethodWorker.invokeTestMethods(TestMethodWorker.java:125)at org.testng.internal.TestMethodWorker.run(TestMethodWorker.java:109)at org.testng.TestRunner.privateRun(TestRunner.java:648)at org.testng.TestRunner.run(TestRunner.java:505)at org.testng.SuiteRunner.runTest(SuiteRunner.java:455)at org.testng.SuiteRunner.runSequentially(SuiteRunner.java:450)at org.testng.SuiteRunner.privateRun(SuiteRunner.java:415)at org.testng.SuiteRunner.run(SuiteRunner.java:364)at org.testng.SuiteRunnerWorker.runSuite(SuiteRunnerWorker.java:52)at org.testng.SuiteRunnerWorker.run(SuiteRunnerWorker.java:84)at org.testng.TestNG.runSuitesSequentially(TestNG.java:1187)at org.testng.TestNG.runSuitesLocally(TestNG.java:1116)at org.testng.TestNG.runSuites(TestNG.java:1028)at org.testng.TestNG.run(TestNG.java:996)at org.apache.maven.surefire.testng.TestNGExecutor.run(TestNGExecutor.java:115)at org.apache.maven.surefire.testng.TestNGDirectoryTestSuite.executeSingleClass(TestNGDirectoryTestSuite.java:129)at org.apache.maven.surefire.testng.TestNGDirectoryTestSuite.execute(TestNGDirectoryTestSuite.java:113)at org.apache.maven.surefire.testng.TestNGProvider.invoke(TestNGProvider.java:111)at org.apache.maven.surefire.booter.ForkedBooter.invokeProviderInSameClassLoader(ForkedBooter.java:203)at org.apache.maven.surefire.booter.ForkedBooter.runSuitesInProcess(ForkedBooter.java:155)at org.apache.maven.surefire.booter.ForkedBooter.main(ForkedBooter.java:103)]]>
            </full-stacktrace>
          </exception> <!-- org.wso2.carbon.identity.casque.authenticator.exception.CasqueException -->
          <reporter-output>
          </reporter-output>
        </test-method> <!-- testGetCasqueTokenIdforToknIdBadFormat -->
        <test-method status="PASS" signature="setUp()[pri:0, instance:org.wso2.carbon.identity.casque.authenticator.authenticator.CasqueAuthenticatorTest_$$_jvstad2_0@61554b6b]" name="setUp" is-config="true" duration-ms="28" started-at="2018-12-06T15:29:37Z" finished-at="2018-12-06T15:29:37Z">
          <reporter-output>
          </reporter-output>
        </test-method> <!-- setUp -->
        <test-method status="PASS" signature="testGetCasqueTokenIdforToknIdForUnableToGetTokenId()[pri:0, instance:org.wso2.carbon.identity.casque.authenticator.authenticator.CasqueAuthenticatorTest_$$_jvstad2_0@61554b6b]" name="testGetCasqueTokenIdforToknIdForUnableToGetTokenId" duration-ms="7" started-at="2018-12-06T15:29:37Z" finished-at="2018-12-06T15:29:37Z">
          <exception class="org.wso2.carbon.identity.casque.authenticator.exception.CasqueException">
            <message>
              <![CDATA[ User: , Token ID bad format:  ]]>
            </message>
            <full-stacktrace>
              <![CDATA[org.wso2.carbon.identity.casque.authenticator.exception.CasqueException:  User: , Token ID bad format:  at org.wso2.carbon.identity.casque.authenticator.authenticator.CasqueAuthenticator.getCasqueTokenId(CasqueAuthenticator.java:75)at sun.reflect.NativeMethodAccessorImpl.invoke0(Native Method)at sun.reflect.NativeMethodAccessorImpl.invoke(NativeMethodAccessorImpl.java:62)at sun.reflect.DelegatingMethodAccessorImpl.invoke(DelegatingMethodAccessorImpl.java:43)at java.lang.reflect.Method.invoke(Method.java:498)at org.powermock.reflect.internal.WhiteboxImpl.performMethodInvocation(WhiteboxImpl.java:1899)at org.powermock.reflect.internal.WhiteboxImpl.doInvokeMethod(WhiteboxImpl.java:801)at org.powermock.reflect.internal.WhiteboxImpl.invokeMethod(WhiteboxImpl.java:666)at org.powermock.reflect.Whitebox.invokeMethod(Whitebox.java:401)at org.wso2.carbon.identity.casque.authenticator.authenticator.CasqueAuthenticatorTest.testGetCasqueTokenIdforToknIdForUnableToGetTokenId(CasqueAuthenticatorTest.java:200)at org.wso2.carbon.identity.casque.authenticator.authenticator.CasqueAuthenticatorTest_$$_jvstad2_0._d13testGetCasqueTokenIdforToknIdForUnableToGetTokenId(CasqueAuthenticatorTest_$$_jvstad2_0.java)at sun.reflect.NativeMethodAccessorImpl.invoke0(Native Method)at sun.reflect.NativeMethodAccessorImpl.invoke(NativeMethodAccessorImpl.java:62)at sun.reflect.DelegatingMethodAccessorImpl.invoke(DelegatingMethodAccessorImpl.java:43)at java.lang.reflect.Method.invoke(Method.java:498)at org.powermock.modules.testng.internal.PowerMockTestNGMethodHandler.invoke(PowerMockTestNGMethodHandler.java:50)at org.wso2.carbon.identity.casque.authenticator.authenticator.CasqueAuthenticatorTest_$$_jvstad2_0.testGetCasqueTokenIdforToknIdForUnableToGetTokenId(CasqueAuthenticatorTest_$$_jvstad2_0.java)at sun.reflect.NativeMethodAccessorImpl.invoke0(Native Method)at sun.reflect.NativeMethodAccessorImpl.invoke(NativeMethodAccessorImpl.java:62)at sun.reflect.DelegatingMethodAccessorImpl.invoke(DelegatingMethodAccessorImpl.java:43)at java.lang.reflect.Method.invoke(Method.java:498)at org.testng.internal.MethodInvocationHelper.invokeMethod(MethodInvocationHelper.java:124)at org.testng.internal.Invoker.invokeMethod(Invoker.java:571)at org.testng.internal.Invoker.invokeTestMethod(Invoker.java:707)at org.testng.internal.Invoker.invokeTestMethods(Invoker.java:979)at org.testng.internal.TestMethodWorker.invokeTestMethods(TestMethodWorker.java:125)at org.testng.internal.TestMethodWorker.run(TestMethodWorker.java:109)at org.testng.TestRunner.privateRun(TestRunner.java:648)at org.testng.TestRunner.run(TestRunner.java:505)at org.testng.SuiteRunner.runTest(SuiteRunner.java:455)at org.testng.SuiteRunner.runSequentially(SuiteRunner.java:450)at org.testng.SuiteRunner.privateRun(SuiteRunner.java:415)at org.testng.SuiteRunner.run(SuiteRunner.java:364)at org.testng.SuiteRunnerWorker.runSuite(SuiteRunnerWorker.java:52)at org.testng.SuiteRunnerWorker.run(SuiteRunnerWorker.java:84)at org.testng.TestNG.runSuitesSequentially(TestNG.java:1187)at org.testng.TestNG.runSuitesLocally(TestNG.java:1116)at org.testng.TestNG.runSuites(TestNG.java:1028)at org.testng.TestNG.run(TestNG.java:996)at org.apache.maven.surefire.testng.TestNGExecutor.run(TestNGExecutor.java:115)at org.apache.maven.surefire.testng.TestNGDirectoryTestSuite.executeSingleClass(TestNGDirectoryTestSuite.java:129)at org.apache.maven.surefire.testng.TestNGDirectoryTestSuite.execute(TestNGDirectoryTestSuite.java:113)at org.apache.maven.surefire.testng.TestNGProvider.invoke(TestNGProvider.java:111)at org.apache.maven.surefire.booter.ForkedBooter.invokeProviderInSameClassLoader(ForkedBooter.java:203)at org.apache.maven.surefire.booter.ForkedBooter.runSuitesInProcess(ForkedBooter.java:155)at org.apache.maven.surefire.booter.ForkedBooter.main(ForkedBooter.java:103)]]>
            </full-stacktrace>
          </exception> <!-- org.wso2.carbon.identity.casque.authenticator.exception.CasqueException -->
          <reporter-output>
          </reporter-output>
        </test-method> <!-- testGetCasqueTokenIdforToknIdForUnableToGetTokenId -->
        <test-method status="PASS" signature="setUp()[pri:0, instance:org.wso2.carbon.identity.casque.authenticator.authenticator.CasqueAuthenticatorTest_$$_jvstad2_0@61554b6b]" name="setUp" is-config="true" duration-ms="76" started-at="2018-12-06T15:29:37Z" finished-at="2018-12-06T15:29:37Z">
          <reporter-output>
          </reporter-output>
        </test-method> <!-- setUp -->
        <test-method status="PASS" signature="testGetFriendlyName()[pri:0, instance:org.wso2.carbon.identity.casque.authenticator.authenticator.CasqueAuthenticatorTest_$$_jvstad2_0@61554b6b]" name="testGetFriendlyName" duration-ms="1" started-at="2018-12-06T15:29:37Z" description="Test case for GetFriendlyName() method." finished-at="2018-12-06T15:29:37Z">
          <reporter-output>
          </reporter-output>
        </test-method> <!-- testGetFriendlyName -->
        <test-method status="PASS" signature="setUp()[pri:0, instance:org.wso2.carbon.identity.casque.authenticator.authenticator.CasqueAuthenticatorTest_$$_jvstad2_0@61554b6b]" name="setUp" is-config="true" duration-ms="25" started-at="2018-12-06T15:29:37Z" finished-at="2018-12-06T15:29:37Z">
          <reporter-output>
          </reporter-output>
        </test-method> <!-- setUp -->
        <test-method status="PASS" signature="testGetName()[pri:0, instance:org.wso2.carbon.identity.casque.authenticator.authenticator.CasqueAuthenticatorTest_$$_jvstad2_0@61554b6b]" name="testGetName" duration-ms="1" started-at="2018-12-06T15:29:37Z" description="Test case for GetName() method." finished-at="2018-12-06T15:29:37Z">
          <reporter-output>
          </reporter-output>
        </test-method> <!-- testGetName -->
        <test-method status="PASS" signature="setUp()[pri:0, instance:org.wso2.carbon.identity.casque.authenticator.authenticator.CasqueAuthenticatorTest_$$_jvstad2_0@61554b6b]" name="setUp" is-config="true" duration-ms="23" started-at="2018-12-06T15:29:37Z" finished-at="2018-12-06T15:29:37Z">
          <reporter-output>
          </reporter-output>
        </test-method> <!-- setUp -->
        <test-method status="PASS" signature="testProcessLogoutRequest()[pri:0, instance:org.wso2.carbon.identity.casque.authenticator.authenticator.CasqueAuthenticatorTest_$$_jvstad2_0@61554b6b]" name="testProcessLogoutRequest" duration-ms="7" started-at="2018-12-06T15:29:37Z" description="Test case for successful logout request." finished-at="2018-12-06T15:29:37Z">
          <reporter-output>
          </reporter-output>
        </test-method> <!-- testProcessLogoutRequest -->
        <test-method status="PASS" signature="setUp()[pri:0, instance:org.wso2.carbon.identity.casque.authenticator.authenticator.CasqueAuthenticatorTest_$$_jvstad2_0@61554b6b]" name="setUp" is-config="true" duration-ms="37" started-at="2018-12-06T15:29:37Z" finished-at="2018-12-06T15:29:37Z">
          <reporter-output>
          </reporter-output>
        </test-method> <!-- setUp -->
        <test-method status="PASS" signature="testProcessRadiusState()[pri:0, instance:org.wso2.carbon.identity.casque.authenticator.authenticator.CasqueAuthenticatorTest_$$_jvstad2_0@61554b6b]" name="testProcessRadiusState" duration-ms="10" started-at="2018-12-06T15:29:37Z" description="Test case for process() method for Another challenge." finished-at="2018-12-06T15:29:37Z">
          <reporter-output>
          </reporter-output>
        </test-method> <!-- testProcessRadiusState -->
        <test-method status="PASS" signature="setUp()[pri:0, instance:org.wso2.carbon.identity.casque.authenticator.authenticator.CasqueAuthenticatorTest_$$_jvstad2_0@61554b6b]" name="setUp" is-config="true" duration-ms="30" started-at="2018-12-06T15:29:37Z" finished-at="2018-12-06T15:29:37Z">
          <reporter-output>
          </reporter-output>
        </test-method> <!-- setUp -->
        <test-method status="PASS" signature="testProcessRadiusState2()[pri:0, instance:org.wso2.carbon.identity.casque.authenticator.authenticator.CasqueAuthenticatorTest_$$_jvstad2_0@61554b6b]" name="testProcessRadiusState2" duration-ms="8" started-at="2018-12-06T15:29:37Z" description="Test case for process() method for Authentication Pass." finished-at="2018-12-06T15:29:37Z">
          <reporter-output>
          </reporter-output>
        </test-method> <!-- testProcessRadiusState2 -->
        <test-method status="PASS" signature="setUp()[pri:0, instance:org.wso2.carbon.identity.casque.authenticator.authenticator.CasqueAuthenticatorTest_$$_jvstad2_0@61554b6b]" name="setUp" is-config="true" duration-ms="20" started-at="2018-12-06T15:29:37Z" finished-at="2018-12-06T15:29:37Z">
          <reporter-output>
          </reporter-output>
        </test-method> <!-- setUp -->
        <test-method status="PASS" signature="testProcessRadiusState3()[pri:0, instance:org.wso2.carbon.identity.casque.authenticator.authenticator.CasqueAuthenticatorTest_$$_jvstad2_0@61554b6b]" name="testProcessRadiusState3" duration-ms="4" started-at="2018-12-06T15:29:37Z" description="Test case for process() method for  Authentication Failed." finished-at="2018-12-06T15:29:37Z">
          <reporter-output>
          </reporter-output>
        </test-method> <!-- testProcessRadiusState3 -->
        <test-method status="PASS" signature="setUp()[pri:0, instance:org.wso2.carbon.identity.casque.authenticator.authenticator.CasqueAuthenticatorTest_$$_jvstad2_0@61554b6b]" name="setUp" is-config="true" duration-ms="22" started-at="2018-12-06T15:29:37Z" finished-at="2018-12-06T15:29:37Z">
          <reporter-output>
          </reporter-output>
        </test-method> <!-- setUp -->
        <test-method status="PASS" signature="testProcessRadiusState5()[pri:0, instance:org.wso2.carbon.identity.casque.authenticator.authenticator.CasqueAuthenticatorTest_$$_jvstad2_0@61554b6b]" name="testProcessRadiusState5" duration-ms="16" started-at="2018-12-06T15:29:37Z" description="Test case for process() method for ForRadiusStateNull()" finished-at="2018-12-06T15:29:37Z">
          <reporter-output>
          </reporter-output>
        </test-method> <!-- testProcessRadiusState5 -->
        <test-method status="PASS" signature="setUp()[pri:0, instance:org.wso2.carbon.identity.casque.authenticator.authenticator.CasqueAuthenticatorTest_$$_jvstad2_0@61554b6b]" name="setUp" is-config="true" duration-ms="27" started-at="2018-12-06T15:29:37Z" finished-at="2018-12-06T15:29:37Z">
          <reporter-output>
          </reporter-output>
        </test-method> <!-- setUp -->
        <test-method status="PASS" signature="testProcessRadiusStateLoginFail()[pri:0, instance:org.wso2.carbon.identity.casque.authenticator.authenticator.CasqueAuthenticatorTest_$$_jvstad2_0@61554b6b]" name="testProcessRadiusStateLoginFail" duration-ms="2" started-at="2018-12-06T15:29:37Z" description="Test case for process() method for login fail" finished-at="2018-12-06T15:29:37Z">
          <reporter-output>
          </reporter-output>
        </test-method> <!-- testProcessRadiusStateLoginFail -->
        <test-method status="PASS" signature="setUp()[pri:0, instance:org.wso2.carbon.identity.casque.authenticator.authenticator.CasqueAuthenticatorTest_$$_jvstad2_0@61554b6b]" name="setUp" is-config="true" duration-ms="26" started-at="2018-12-06T15:29:37Z" finished-at="2018-12-06T15:29:37Z">
          <reporter-output>
          </reporter-output>
        </test-method> <!-- setUp -->
        <test-method status="PASS" signature="testRetryAuthenticationEnabled()[pri:0, instance:org.wso2.carbon.identity.casque.authenticator.authenticator.CasqueAuthenticatorTest_$$_jvstad2_0@61554b6b]" name="testRetryAuthenticationEnabled" duration-ms="0" started-at="2018-12-06T15:29:37Z" description="Test case for RetryAuthenticationEnabled() method." finished-at="2018-12-06T15:29:37Z">
          <reporter-output>
          </reporter-output>
        </test-method> <!-- testRetryAuthenticationEnabled -->
      </class> <!-- org.wso2.carbon.identity.casque.authenticator.authenticator.CasqueAuthenticatorTest -->
    </test> <!-- Surefire test -->
  </suite> <!-- Surefire suite -->
</testng-results>
